<html>
<head>
<title>TestNG:  Default test</title>
<link href="../testng.css" rel="stylesheet" type="text/css" />
<link href="../my-testng.css" rel="stylesheet" type="text/css" />

<style type="text/css">
.log { display: none;} 
.stack-trace { display: none;} 
</style>
<script type="text/javascript">
<!--
function flip(e) {
  current = e.style.display;
  if (current == 'block') {
    e.style.display = 'none';
    return 0;
  }
  else {
    e.style.display = 'block';
    return 1;
  }
}

function toggleBox(szDivId, elem, msg1, msg2)
{
  var res = -1;  if (document.getElementById) {
    res = flip(document.getElementById(szDivId));
  }
  else if (document.all) {
    // this is the way old msie versions work
    res = flip(document.all[szDivId]);
  }
  if(elem) {
    if(res == 0) elem.innerHTML = msg1; else elem.innerHTML = msg2;
  }

}

function toggleAllBoxes() {
  if (document.getElementsByTagName) {
    d = document.getElementsByTagName('div');
    for (i = 0; i < d.length; i++) {
      if (d[i].className == 'log') {
        flip(d[i]);
      }
    }
  }
}

// -->
</script>

</head>
<body>
<h2 align='center'>Default test</h2><table border='1' align="center">
<tr>
<td>Tests passed/Failed/Skipped:</td><td>0/1/0</td>
</tr><tr>
<td>Started on:</td><td>Mon Aug 25 09:47:51 IST 2014</td>
</tr>
<tr><td>Total time:</td><td>48 seconds (48833 ms)</td>
</tr><tr>
<td>Included groups:</td><td></td>
</tr><tr>
<td>Excluded groups:</td><td></td>
</tr>
</table><p/>
<small><i>(Hover the method name to see the test class name)</i></small><p/>
<table width='100%' border='1' class='invocation-failed'>
<tr><td colspan='4' align='center'><b>FAILED TESTS</b></td></tr>
<tr><td><b>Test method</b></td>
<td width="30%"><b>Exception</b></td>
<td width="10%"><b>Time (seconds)</b></td>
<td><b>Instance</b></td>
</tr>
<tr>
<td title='TC.test_class.test()'><b>test</b><br>Test class: TC.test_class</td>
<td><div><pre>org.openqa.selenium.WebDriverException: Failed to connect to binary FirefoxBinary(C:\Program Files (x86)\Mozilla Firefox\firefox.exe) on port 7055; process output follows: 
1408940275131	addons.manager	DEBUG	Application has been upgraded
1408940275152	addons.manager	DEBUG	Loaded provider scope for resource://gre/modules/addons/XPIProvider.jsm: [&quot;XPIProvider&quot;]
1408940275153	addons.manager	DEBUG	Loaded provider scope for resource://gre/modules/LightweightThemeManager.jsm: [&quot;LightweightThemeManager&quot;]
1408940275155	addons.xpi	DEBUG	startup
1408940275156	addons.xpi	DEBUG	Skipping unavailable install location app-system-local
1408940275156	addons.xpi	DEBUG	Skipping unavailable install location app-system-share
1408940275158	addons.xpi	INFO	Mapping {972ce4c6-7e08-4474-a285-3208198ce6fd} to C:\Program Files (x86)\Mozilla Firefox\browser\extensions\{972ce4c6-7e08-4474-a285-3208198ce6fd}
1408940275160	addons.xpi	INFO	Mapping fxdriver@googlecode.com to C:\Users\SHARMA~1.HIM\AppData\Local\Temp\anonymous324909026992930796webdriver-profile\extensions\fxdriver@googlecode.com
1408940275161	addons.xpi	DEBUG	Ignoring file entry whose name is not a valid add-on ID: C:\Users\SHARMA~1.HIM\AppData\Local\Temp\anonymous324909026992930796webdriver-profile\extensions\webdriver-staging
1408940275161	addons.xpi	DEBUG	checkForChanges
1408940275237	addons.xpi	DEBUG	Directory state JSON differs: cache [] state [{&quot;name&quot;:&quot;app-global&quot;,&quot;addons&quot;:{&quot;{972ce4c6-7e08-4474-a285-3208198ce6fd}&quot;:{&quot;descriptor&quot;:&quot;C:\\Program Files (x86)\\Mozilla Firefox\\browser\\extensions\\{972ce4c6-7e08-4474-a285-3208198ce6fd}&quot;,&quot;mtime&quot;:1408939957533,&quot;rdfTime&quot;:1408939957320}}},{&quot;name&quot;:&quot;app-profile&quot;,&quot;addons&quot;:{&quot;fxdriver@googlecode.com&quot;:{&quot;descriptor&quot;:&quot;C:\\Users\\SHARMA~1.HIM\\AppData\\Local\\Temp\\anonymous324909026992930796webdriver-profile\\extensions\\fxdriver@googlecode.com&quot;,&quot;mtime&quot;:1408940273232,&quot;rdfTime&quot;:1408940273038}}}]
1408940275246	addons.xpi-utils	DEBUG	Opening XPI database C:\Users\SHARMA~1.HIM\AppData\Local\Temp\anonymous324909026992930796webdriver-profile\extensions.json
1408940275249	addons.xpi	DEBUG	New add-on fxdriver@googlecode.com installed in app-profile
*** Blocklist::_loadBlocklistFromFile: blocklist is disabled
1408940275550	addons.xpi-utils	DEBUG	Make addon app-profile:fxdriver@googlecode.com visible
1408940275551	DeferredSave.extensions.json	DEBUG	Save changes
1408940275552	DeferredSave.extensions.json	DEBUG	Save changes
1408940275552	addons.xpi	DEBUG	New add-on {972ce4c6-7e08-4474-a285-3208198ce6fd} installed in app-global
1408940275558	addons.xpi-utils	DEBUG	Make addon app-global:{972ce4c6-7e08-4474-a285-3208198ce6fd} visible
1408940275558	DeferredSave.extensions.json	DEBUG	Save changes
1408940275558	DeferredSave.extensions.json	DEBUG	Save changes
1408940275615	addons.xpi	DEBUG	Updating database with changes to installed add-ons
1408940275615	addons.xpi-utils	DEBUG	Updating add-on states
1408940275617	addons.xpi-utils	DEBUG	Writing add-ons list
1408940277222	DeferredSave.extensions.json	DEBUG	Starting timer
1408940277258	DeferredSave.extensions.json	DEBUG	Starting write
1408940277339	DeferredSave.extensions.json	DEBUG	Write succeeded
1408940277339	addons.xpi-utils	DEBUG	XPI Database saved, setting schema version preference to 16
JavaScript error: chrome://browser/content/urlbarBindings.xml, line 677: aUrl is undefined
JavaScript error: chrome://browser/content/urlbarBindings.xml, line 677: aUrl is undefined
JavaScript error: chrome://browser/content/urlbarBindings.xml, line 677: aUrl is undefined

Build info: version: &apos;2.42.2&apos;, revision: &apos;6a6995d&apos;, time: &apos;2014-06-03 17:42:30&apos;
System info: host: &apos;L-1QHP412&apos;, ip: &apos;10.125.14.69&apos;, os.name: &apos;Windows 7&apos;, os.arch: &apos;amd64&apos;, os.version: &apos;6.1&apos;, java.version: &apos;1.7.0_67&apos;
Driver info: driver.version: FirefoxDriver
	at org.openqa.selenium.firefox.internal.NewProfileExtensionConnection.start(NewProfileExtensionConnection.java:130)
	at org.openqa.selenium.firefox.FirefoxDriver.startClient(FirefoxDriver.java:246)
	at org.openqa.selenium.remote.RemoteWebDriver.&lt;init&gt;(RemoteWebDriver.java:114)
	at org.openqa.selenium.firefox.FirefoxDriver.&lt;init&gt;(FirefoxDriver.java:193)
	at org.openqa.selenium.firefox.FirefoxDriver.&lt;init&gt;(FirefoxDriver.java:186)
	at org.openqa.selenium.firefox.FirefoxDriver.&lt;init&gt;(FirefoxDriver.java:182)
	at org.openqa.selenium.firefox.FirefoxDriver.&lt;init&gt;(FirefoxDriver.java:95)
	at TC.test_class.test(test_class.java:12)
	at sun.reflect.NativeMethodAccessorImpl.invoke0(Native Method)
	at sun.reflect.NativeMethodAccessorImpl.invoke(Unknown Source)
	at sun.reflect.DelegatingMethodAccessorImpl.invoke(Unknown Source)
	at java.lang.reflect.Method.invoke(Unknown Source)
	at org.testng.internal.MethodInvocationHelper.invokeMethod(MethodInvocationHelper.java:84)
	at org.testng.internal.Invoker.invokeMethod(Invoker.java:714)
	at org.testng.internal.Invoker.invokeTestMethod(Invoker.java:901)
	at org.testng.internal.Invoker.invokeTestMethods(Invoker.java:1231)
	at org.testng.internal.TestMethodWorker.invokeTestMethods(TestMethodWorker.java:127)
	at org.testng.internal.TestMethodWorker.run(TestMethodWorker.java:111)
	at org.testng.TestRunner.privateRun(TestRunner.java:767)
	at org.testng.TestRunner.run(TestRunner.java:617)
	at org.testng.SuiteRunner.runTest(SuiteRunner.java:334)
	at org.testng.SuiteRunner.runSequentially(SuiteRunner.java:329)
	at org.testng.SuiteRunner.privateRun(SuiteRunner.java:291)
	at org.testng.SuiteRunner.run(SuiteRunner.java:240)
	at org.testng.SuiteRunnerWorker.runSuite(SuiteRunnerWorker.java:52)
	at org.testng.SuiteRunnerWorker.run(SuiteRunnerWorker.java:86)
	at org.testng.TestNG.runSuitesSequentially(TestNG.java:1224)
	at org.testng.TestNG.runSuitesLocally(TestNG.java:1149)
	at org.testng.TestNG.run(TestNG.java:1057)
	at org.testng.remote.RemoteTestNG.run(RemoteTestNG.java:111)
	at org.testng.remote.RemoteTestNG.initAndRun(RemoteTestNG.java:204)
	at org.testng.remote.RemoteTestNG.main(RemoteTestNG.java:175)
Caused by: org.openqa.selenium.firefox.NotConnectedException: Unable to connect to host 127.0.0.1 on port 7055 after 45000 ms. Firefox console output:
1408940275131	addons.manager	DEBUG	Application has been upgraded
1408940275152	addons.manager	DEBUG	Loaded provider scope for resource://gre/modules/addons/XPIProvider.jsm: [&quot;XPIProvider&quot;]
1408940275153	addons.manager	DEBUG	Loaded provider scope for resource://gre/modules/LightweightThemeManager.jsm: [&quot;LightweightThemeManager&quot;]
1408940275155	addons.xpi	DEBUG	startup
1408940275156	addons.xpi	DEBUG	Skipping unavailable install location app-system-local
1408940275156	addons.xpi	DEBUG	Skipping unavailable install location app-system-share
1408940275158	addons.xpi	INFO	Mapping {972ce4c6-7e08-4474-a285-3208198ce6fd} to C:\Program Files (x86)\Mozilla Firefox\browser\extensions\{972ce4c6-7e08-4474-a285-3208198ce6fd}
1408940275160	addons.xpi	INFO	Mapping fxdriver@googlecode.com to C:\Users\SHARMA~1.HIM\AppData\Local\Temp\anonymous324909026992930796webdriver-profile\extensions\fxdriver@googlecode.com
1408940275161	addons.xpi	DEBUG	Ignoring file entry whose name is not a valid add-on ID: C:\Users\SHARMA~1.HIM\AppData\Local\Temp\anonymous324909026992930796webdriver-profile\extensions\webdriver-staging
1408940275161	addons.xpi	DEBUG	checkForChanges
1408940275237	addons.xpi	DEBUG	Directory state JSON differs: cache [] state [{&quot;name&quot;:&quot;app-global&quot;,&quot;addons&quot;:{&quot;{972ce4c6-7e08-4474-a285-3208198ce6fd}&quot;:{&quot;descriptor&quot;:&quot;C:\\Program Files (x86)\\Mozilla Firefox\\browser\\extensions\\{972ce4c6-7e08-4474-a285-3208198ce6fd}&quot;,&quot;mtime&quot;:1408939957533,&quot;rdfTime&quot;:1408939957320}}},{&quot;name&quot;:&quot;app-profile&quot;,&quot;addons&quot;:{&quot;fxdriver@googlecode.com&quot;:{&quot;descriptor&quot;:&quot;C:\\Users\\SHARMA~1.HIM\\AppData\\Local\\Temp\\anonymous324909026992930796webdriver-profile\\extensions\\fxdriver@googlecode.com&quot;,&quot;mtime&quot;:1408940273232,&quot;rdfTime&quot;:1408940273038}}}]
1408940275246	addons.xpi-utils	DEBUG	Opening XPI database C:\Users\SHARMA~1.HIM\AppData\Local\Temp\anonymous324909026992930796webdriver-profile\extensions.json
1408940275249	addons.xpi	DEBUG	New add-on fxdriver@googlecode.com installed in app-profile
*** Blocklist::_loadBlocklistFromFile: blocklist is disabled
1408940275550	addons.xpi-utils	DEBUG	Make addon app-profile:fxdriver@googlecode.com visible
1408940275551	DeferredSave.extensions.json	DEBUG	Save changes
1408940275552	DeferredSave.extensions.json	DEBUG	Save changes
1408940275552	addons.xpi	DEBUG	New add-on {972ce4c6-7e08-4474-a285-3208198ce6fd} installed in app-global
1408940275558	addons.xpi-utils	DEBUG	Make addon app-global:{972ce4c6-7e08-4474-a285-3208198ce6fd} visible
1408940275558	DeferredSave.extensions.json	DEBUG	Save changes
1408940275558	DeferredSave.extensions.json	DEBUG	Save changes
1408940275615	addons.xpi	DEBUG	Updating database with changes to installed add-ons
1408940275615	addons.xpi-utils	DEBUG	Updating add-on states
1408940275617	addons.xpi-utils	DEBUG	Writing add-ons list
1408940277222	DeferredSave.extensions.json	DEBUG	Starting timer
1408940277258	DeferredSave.extensions.json	DEBUG	Starting write
1408940277339	DeferredSave.extensions.json	DEBUG	Write succeeded
1408940277339	addons.xpi-utils	DEBUG	XPI Database saved, setting schema version preference to 16
JavaScript error: chrome://browser/content/urlbarBindings.xml, line 677: aUrl is undefined
JavaScript error: chrome://browser/content/urlbarBindings.xml, line 677: aUrl is undefined
JavaScript error: chrome://browser/content/urlbarBindings.xml, line 677: aUrl is undefined

	at org.openqa.selenium.firefox.internal.NewProfileExtensionConnection.start(NewProfileExtensionConnection.java:118)
	... 31 more
</pre></div><a href='#' onClick='toggleBox("stack-trace2051185314", this, "Click to show all stack frames", "Click to hide stack frames")'>Click to show all stack frames</a>
<div class='stack-trace' id='stack-trace2051185314'><pre>org.openqa.selenium.WebDriverException: Failed to connect to binary FirefoxBinary(C:\Program Files (x86)\Mozilla Firefox\firefox.exe) on port 7055; process output follows: 
1408940275131	addons.manager	DEBUG	Application has been upgraded
1408940275152	addons.manager	DEBUG	Loaded provider scope for resource://gre/modules/addons/XPIProvider.jsm: [&quot;XPIProvider&quot;]
1408940275153	addons.manager	DEBUG	Loaded provider scope for resource://gre/modules/LightweightThemeManager.jsm: [&quot;LightweightThemeManager&quot;]
1408940275155	addons.xpi	DEBUG	startup
1408940275156	addons.xpi	DEBUG	Skipping unavailable install location app-system-local
1408940275156	addons.xpi	DEBUG	Skipping unavailable install location app-system-share
1408940275158	addons.xpi	INFO	Mapping {972ce4c6-7e08-4474-a285-3208198ce6fd} to C:\Program Files (x86)\Mozilla Firefox\browser\extensions\{972ce4c6-7e08-4474-a285-3208198ce6fd}
1408940275160	addons.xpi	INFO	Mapping fxdriver@googlecode.com to C:\Users\SHARMA~1.HIM\AppData\Local\Temp\anonymous324909026992930796webdriver-profile\extensions\fxdriver@googlecode.com
1408940275161	addons.xpi	DEBUG	Ignoring file entry whose name is not a valid add-on ID: C:\Users\SHARMA~1.HIM\AppData\Local\Temp\anonymous324909026992930796webdriver-profile\extensions\webdriver-staging
1408940275161	addons.xpi	DEBUG	checkForChanges
1408940275237	addons.xpi	DEBUG	Directory state JSON differs: cache [] state [{&quot;name&quot;:&quot;app-global&quot;,&quot;addons&quot;:{&quot;{972ce4c6-7e08-4474-a285-3208198ce6fd}&quot;:{&quot;descriptor&quot;:&quot;C:\\Program Files (x86)\\Mozilla Firefox\\browser\\extensions\\{972ce4c6-7e08-4474-a285-3208198ce6fd}&quot;,&quot;mtime&quot;:1408939957533,&quot;rdfTime&quot;:1408939957320}}},{&quot;name&quot;:&quot;app-profile&quot;,&quot;addons&quot;:{&quot;fxdriver@googlecode.com&quot;:{&quot;descriptor&quot;:&quot;C:\\Users\\SHARMA~1.HIM\\AppData\\Local\\Temp\\anonymous324909026992930796webdriver-profile\\extensions\\fxdriver@googlecode.com&quot;,&quot;mtime&quot;:1408940273232,&quot;rdfTime&quot;:1408940273038}}}]
1408940275246	addons.xpi-utils	DEBUG	Opening XPI database C:\Users\SHARMA~1.HIM\AppData\Local\Temp\anonymous324909026992930796webdriver-profile\extensions.json
1408940275249	addons.xpi	DEBUG	New add-on fxdriver@googlecode.com installed in app-profile
*** Blocklist::_loadBlocklistFromFile: blocklist is disabled
1408940275550	addons.xpi-utils	DEBUG	Make addon app-profile:fxdriver@googlecode.com visible
1408940275551	DeferredSave.extensions.json	DEBUG	Save changes
1408940275552	DeferredSave.extensions.json	DEBUG	Save changes
1408940275552	addons.xpi	DEBUG	New add-on {972ce4c6-7e08-4474-a285-3208198ce6fd} installed in app-global
1408940275558	addons.xpi-utils	DEBUG	Make addon app-global:{972ce4c6-7e08-4474-a285-3208198ce6fd} visible
1408940275558	DeferredSave.extensions.json	DEBUG	Save changes
1408940275558	DeferredSave.extensions.json	DEBUG	Save changes
1408940275615	addons.xpi	DEBUG	Updating database with changes to installed add-ons
1408940275615	addons.xpi-utils	DEBUG	Updating add-on states
1408940275617	addons.xpi-utils	DEBUG	Writing add-ons list
1408940277222	DeferredSave.extensions.json	DEBUG	Starting timer
1408940277258	DeferredSave.extensions.json	DEBUG	Starting write
1408940277339	DeferredSave.extensions.json	DEBUG	Write succeeded
1408940277339	addons.xpi-utils	DEBUG	XPI Database saved, setting schema version preference to 16
JavaScript error: chrome://browser/content/urlbarBindings.xml, line 677: aUrl is undefined
JavaScript error: chrome://browser/content/urlbarBindings.xml, line 677: aUrl is undefined
JavaScript error: chrome://browser/content/urlbarBindings.xml, line 677: aUrl is undefined

Build info: version: &apos;2.42.2&apos;, revision: &apos;6a6995d&apos;, time: &apos;2014-06-03 17:42:30&apos;
System info: host: &apos;L-1QHP412&apos;, ip: &apos;10.125.14.69&apos;, os.name: &apos;Windows 7&apos;, os.arch: &apos;amd64&apos;, os.version: &apos;6.1&apos;, java.version: &apos;1.7.0_67&apos;
Driver info: driver.version: FirefoxDriver
	at org.openqa.selenium.firefox.internal.NewProfileExtensionConnection.start(NewProfileExtensionConnection.java:130)
	at org.openqa.selenium.firefox.FirefoxDriver.startClient(FirefoxDriver.java:246)
	at org.openqa.selenium.remote.RemoteWebDriver.&lt;init&gt;(RemoteWebDriver.java:114)
	at org.openqa.selenium.firefox.FirefoxDriver.&lt;init&gt;(FirefoxDriver.java:193)
	at org.openqa.selenium.firefox.FirefoxDriver.&lt;init&gt;(FirefoxDriver.java:186)
	at org.openqa.selenium.firefox.FirefoxDriver.&lt;init&gt;(FirefoxDriver.java:182)
	at org.openqa.selenium.firefox.FirefoxDriver.&lt;init&gt;(FirefoxDriver.java:95)
	at TC.test_class.test(test_class.java:12)
	at sun.reflect.NativeMethodAccessorImpl.invoke0(Native Method)
	at sun.reflect.NativeMethodAccessorImpl.invoke(Unknown Source)
	at sun.reflect.DelegatingMethodAccessorImpl.invoke(Unknown Source)
	at java.lang.reflect.Method.invoke(Unknown Source)
	at org.testng.internal.MethodInvocationHelper.invokeMethod(MethodInvocationHelper.java:84)
	at org.testng.internal.Invoker.invokeMethod(Invoker.java:714)
	at org.testng.internal.Invoker.invokeTestMethod(Invoker.java:901)
	at org.testng.internal.Invoker.invokeTestMethods(Invoker.java:1231)
	at org.testng.internal.TestMethodWorker.invokeTestMethods(TestMethodWorker.java:127)
	at org.testng.internal.TestMethodWorker.run(TestMethodWorker.java:111)
	at org.testng.TestRunner.privateRun(TestRunner.java:767)
	at org.testng.TestRunner.run(TestRunner.java:617)
	at org.testng.SuiteRunner.runTest(SuiteRunner.java:334)
	at org.testng.SuiteRunner.runSequentially(SuiteRunner.java:329)
	at org.testng.SuiteRunner.privateRun(SuiteRunner.java:291)
	at org.testng.SuiteRunner.run(SuiteRunner.java:240)
	at org.testng.SuiteRunnerWorker.runSuite(SuiteRunnerWorker.java:52)
	at org.testng.SuiteRunnerWorker.run(SuiteRunnerWorker.java:86)
	at org.testng.TestNG.runSuitesSequentially(TestNG.java:1224)
	at org.testng.TestNG.runSuitesLocally(TestNG.java:1149)
	at org.testng.TestNG.run(TestNG.java:1057)
	at org.testng.remote.RemoteTestNG.run(RemoteTestNG.java:111)
	at org.testng.remote.RemoteTestNG.initAndRun(RemoteTestNG.java:204)
	at org.testng.remote.RemoteTestNG.main(RemoteTestNG.java:175)
Caused by: org.openqa.selenium.firefox.NotConnectedException: Unable to connect to host 127.0.0.1 on port 7055 after 45000 ms. Firefox console output:
1408940275131	addons.manager	DEBUG	Application has been upgraded
1408940275152	addons.manager	DEBUG	Loaded provider scope for resource://gre/modules/addons/XPIProvider.jsm: [&quot;XPIProvider&quot;]
1408940275153	addons.manager	DEBUG	Loaded provider scope for resource://gre/modules/LightweightThemeManager.jsm: [&quot;LightweightThemeManager&quot;]
1408940275155	addons.xpi	DEBUG	startup
1408940275156	addons.xpi	DEBUG	Skipping unavailable install location app-system-local
1408940275156	addons.xpi	DEBUG	Skipping unavailable install location app-system-share
1408940275158	addons.xpi	INFO	Mapping {972ce4c6-7e08-4474-a285-3208198ce6fd} to C:\Program Files (x86)\Mozilla Firefox\browser\extensions\{972ce4c6-7e08-4474-a285-3208198ce6fd}
1408940275160	addons.xpi	INFO	Mapping fxdriver@googlecode.com to C:\Users\SHARMA~1.HIM\AppData\Local\Temp\anonymous324909026992930796webdriver-profile\extensions\fxdriver@googlecode.com
1408940275161	addons.xpi	DEBUG	Ignoring file entry whose name is not a valid add-on ID: C:\Users\SHARMA~1.HIM\AppData\Local\Temp\anonymous324909026992930796webdriver-profile\extensions\webdriver-staging
1408940275161	addons.xpi	DEBUG	checkForChanges
1408940275237	addons.xpi	DEBUG	Directory state JSON differs: cache [] state [{&quot;name&quot;:&quot;app-global&quot;,&quot;addons&quot;:{&quot;{972ce4c6-7e08-4474-a285-3208198ce6fd}&quot;:{&quot;descriptor&quot;:&quot;C:\\Program Files (x86)\\Mozilla Firefox\\browser\\extensions\\{972ce4c6-7e08-4474-a285-3208198ce6fd}&quot;,&quot;mtime&quot;:1408939957533,&quot;rdfTime&quot;:1408939957320}}},{&quot;name&quot;:&quot;app-profile&quot;,&quot;addons&quot;:{&quot;fxdriver@googlecode.com&quot;:{&quot;descriptor&quot;:&quot;C:\\Users\\SHARMA~1.HIM\\AppData\\Local\\Temp\\anonymous324909026992930796webdriver-profile\\extensions\\fxdriver@googlecode.com&quot;,&quot;mtime&quot;:1408940273232,&quot;rdfTime&quot;:1408940273038}}}]
1408940275246	addons.xpi-utils	DEBUG	Opening XPI database C:\Users\SHARMA~1.HIM\AppData\Local\Temp\anonymous324909026992930796webdriver-profile\extensions.json
1408940275249	addons.xpi	DEBUG	New add-on fxdriver@googlecode.com installed in app-profile
*** Blocklist::_loadBlocklistFromFile: blocklist is disabled
1408940275550	addons.xpi-utils	DEBUG	Make addon app-profile:fxdriver@googlecode.com visible
1408940275551	DeferredSave.extensions.json	DEBUG	Save changes
1408940275552	DeferredSave.extensions.json	DEBUG	Save changes
1408940275552	addons.xpi	DEBUG	New add-on {972ce4c6-7e08-4474-a285-3208198ce6fd} installed in app-global
1408940275558	addons.xpi-utils	DEBUG	Make addon app-global:{972ce4c6-7e08-4474-a285-3208198ce6fd} visible
1408940275558	DeferredSave.extensions.json	DEBUG	Save changes
1408940275558	DeferredSave.extensions.json	DEBUG	Save changes
1408940275615	addons.xpi	DEBUG	Updating database with changes to installed add-ons
1408940275615	addons.xpi-utils	DEBUG	Updating add-on states
1408940275617	addons.xpi-utils	DEBUG	Writing add-ons list
1408940277222	DeferredSave.extensions.json	DEBUG	Starting timer
1408940277258	DeferredSave.extensions.json	DEBUG	Starting write
1408940277339	DeferredSave.extensions.json	DEBUG	Write succeeded
1408940277339	addons.xpi-utils	DEBUG	XPI Database saved, setting schema version preference to 16
JavaScript error: chrome://browser/content/urlbarBindings.xml, line 677: aUrl is undefined
JavaScript error: chrome://browser/content/urlbarBindings.xml, line 677: aUrl is undefined
JavaScript error: chrome://browser/content/urlbarBindings.xml, line 677: aUrl is undefined

	at org.openqa.selenium.firefox.internal.NewProfileExtensionConnection.start(NewProfileExtensionConnection.java:118)
	... 31 more
</pre></div></td>
<td>48</td>
<td>TC.test_class@5c244f19</td></tr>
</table><p>
</body>
</html>