<?xml version="1.0" encoding="UTF-8"?>
<testng-results skipped="0" failed="1" total="1" passed="0">
  <reporter-output>
  </reporter-output>
  <suite name="Default suite" duration-ms="48833" started-at="2014-08-25T04:17:51Z" finished-at="2014-08-25T04:18:40Z">
    <groups>
    </groups>
    <test name="Default test" duration-ms="48833" started-at="2014-08-25T04:17:51Z" finished-at="2014-08-25T04:18:40Z">
      <class name="TC.test_class">
        <test-method status="FAIL" signature="test()[pri:0, instance:TC.test_class@5c244f19]" name="test" duration-ms="48777" started-at="2014-08-25T09:47:51Z" finished-at="2014-08-25T09:48:40Z">
          <exception class="org.openqa.selenium.WebDriverException">
            <message>
              <![CDATA[Failed to connect to binary FirefoxBinary(C:\Program Files (x86)\Mozilla Firefox\firefox.exe) on port 7055; process output follows: 
1408940275131	addons.manager	DEBUG	Application has been upgraded
1408940275152	addons.manager	DEBUG	Loaded provider scope for resource://gre/modules/addons/XPIProvider.jsm: ["XPIProvider"]
1408940275153	addons.manager	DEBUG	Loaded provider scope for resource://gre/modules/LightweightThemeManager.jsm: ["LightweightThemeManager"]
1408940275155	addons.xpi	DEBUG	startup
1408940275156	addons.xpi	DEBUG	Skipping unavailable install location app-system-local
1408940275156	addons.xpi	DEBUG	Skipping unavailable install location app-system-share
1408940275158	addons.xpi	INFO	Mapping {972ce4c6-7e08-4474-a285-3208198ce6fd} to C:\Program Files (x86)\Mozilla Firefox\browser\extensions\{972ce4c6-7e08-4474-a285-3208198ce6fd}
1408940275160	addons.xpi	INFO	Mapping fxdriver@googlecode.com to C:\Users\SHARMA~1.HIM\AppData\Local\Temp\anonymous324909026992930796webdriver-profile\extensions\fxdriver@googlecode.com
1408940275161	addons.xpi	DEBUG	Ignoring file entry whose name is not a valid add-on ID: C:\Users\SHARMA~1.HIM\AppData\Local\Temp\anonymous324909026992930796webdriver-profile\extensions\webdriver-staging
1408940275161	addons.xpi	DEBUG	checkForChanges
1408940275237	addons.xpi	DEBUG	Directory state JSON differs: cache [] state [{"name":"app-global","addons":{"{972ce4c6-7e08-4474-a285-3208198ce6fd}":{"descriptor":"C:\\Program Files (x86)\\Mozilla Firefox\\browser\\extensions\\{972ce4c6-7e08-4474-a285-3208198ce6fd}","mtime":1408939957533,"rdfTime":1408939957320}}},{"name":"app-profile","addons":{"fxdriver@googlecode.com":{"descriptor":"C:\\Users\\SHARMA~1.HIM\\AppData\\Local\\Temp\\anonymous324909026992930796webdriver-profile\\extensions\\fxdriver@googlecode.com","mtime":1408940273232,"rdfTime":1408940273038}}}]
1408940275246	addons.xpi-utils	DEBUG	Opening XPI database C:\Users\SHARMA~1.HIM\AppData\Local\Temp\anonymous324909026992930796webdriver-profile\extensions.json
1408940275249	addons.xpi	DEBUG	New add-on fxdriver@googlecode.com installed in app-profile
*** Blocklist::_loadBlocklistFromFile: blocklist is disabled
1408940275550	addons.xpi-utils	DEBUG	Make addon app-profile:fxdriver@googlecode.com visible
1408940275551	DeferredSave.extensions.json	DEBUG	Save changes
1408940275552	DeferredSave.extensions.json	DEBUG	Save changes
1408940275552	addons.xpi	DEBUG	New add-on {972ce4c6-7e08-4474-a285-3208198ce6fd} installed in app-global
1408940275558	addons.xpi-utils	DEBUG	Make addon app-global:{972ce4c6-7e08-4474-a285-3208198ce6fd} visible
1408940275558	DeferredSave.extensions.json	DEBUG	Save changes
1408940275558	DeferredSave.extensions.json	DEBUG	Save changes
1408940275615	addons.xpi	DEBUG	Updating database with changes to installed add-ons
1408940275615	addons.xpi-utils	DEBUG	Updating add-on states
1408940275617	addons.xpi-utils	DEBUG	Writing add-ons list
1408940277222	DeferredSave.extensions.json	DEBUG	Starting timer
1408940277258	DeferredSave.extensions.json	DEBUG	Starting write
1408940277339	DeferredSave.extensions.json	DEBUG	Write succeeded
1408940277339	addons.xpi-utils	DEBUG	XPI Database saved, setting schema version preference to 16
JavaScript error: chrome://browser/content/urlbarBindings.xml, line 677: aUrl is undefined
JavaScript error: chrome://browser/content/urlbarBindings.xml, line 677: aUrl is undefined
JavaScript error: chrome://browser/content/urlbarBindings.xml, line 677: aUrl is undefined

Build info: version: '2.42.2', revision: '6a6995d', time: '2014-06-03 17:42:30'
System info: host: 'L-1QHP412', ip: '10.125.14.69', os.name: 'Windows 7', os.arch: 'amd64', os.version: '6.1', java.version: '1.7.0_67'
Driver info: driver.version: FirefoxDriver]]>
            </message>
            <full-stacktrace>
              <![CDATA[org.openqa.selenium.WebDriverException: Failed to connect to binary FirefoxBinary(C:\Program Files (x86)\Mozilla Firefox\firefox.exe) on port 7055; process output follows: 
1408940275131	addons.manager	DEBUG	Application has been upgraded
1408940275152	addons.manager	DEBUG	Loaded provider scope for resource://gre/modules/addons/XPIProvider.jsm: ["XPIProvider"]
1408940275153	addons.manager	DEBUG	Loaded provider scope for resource://gre/modules/LightweightThemeManager.jsm: ["LightweightThemeManager"]
1408940275155	addons.xpi	DEBUG	startup
1408940275156	addons.xpi	DEBUG	Skipping unavailable install location app-system-local
1408940275156	addons.xpi	DEBUG	Skipping unavailable install location app-system-share
1408940275158	addons.xpi	INFO	Mapping {972ce4c6-7e08-4474-a285-3208198ce6fd} to C:\Program Files (x86)\Mozilla Firefox\browser\extensions\{972ce4c6-7e08-4474-a285-3208198ce6fd}
1408940275160	addons.xpi	INFO	Mapping fxdriver@googlecode.com to C:\Users\SHARMA~1.HIM\AppData\Local\Temp\anonymous324909026992930796webdriver-profile\extensions\fxdriver@googlecode.com
1408940275161	addons.xpi	DEBUG	Ignoring file entry whose name is not a valid add-on ID: C:\Users\SHARMA~1.HIM\AppData\Local\Temp\anonymous324909026992930796webdriver-profile\extensions\webdriver-staging
1408940275161	addons.xpi	DEBUG	checkForChanges
1408940275237	addons.xpi	DEBUG	Directory state JSON differs: cache [] state [{"name":"app-global","addons":{"{972ce4c6-7e08-4474-a285-3208198ce6fd}":{"descriptor":"C:\\Program Files (x86)\\Mozilla Firefox\\browser\\extensions\\{972ce4c6-7e08-4474-a285-3208198ce6fd}","mtime":1408939957533,"rdfTime":1408939957320}}},{"name":"app-profile","addons":{"fxdriver@googlecode.com":{"descriptor":"C:\\Users\\SHARMA~1.HIM\\AppData\\Local\\Temp\\anonymous324909026992930796webdriver-profile\\extensions\\fxdriver@googlecode.com","mtime":1408940273232,"rdfTime":1408940273038}}}]
1408940275246	addons.xpi-utils	DEBUG	Opening XPI database C:\Users\SHARMA~1.HIM\AppData\Local\Temp\anonymous324909026992930796webdriver-profile\extensions.json
1408940275249	addons.xpi	DEBUG	New add-on fxdriver@googlecode.com installed in app-profile
*** Blocklist::_loadBlocklistFromFile: blocklist is disabled
1408940275550	addons.xpi-utils	DEBUG	Make addon app-profile:fxdriver@googlecode.com visible
1408940275551	DeferredSave.extensions.json	DEBUG	Save changes
1408940275552	DeferredSave.extensions.json	DEBUG	Save changes
1408940275552	addons.xpi	DEBUG	New add-on {972ce4c6-7e08-4474-a285-3208198ce6fd} installed in app-global
1408940275558	addons.xpi-utils	DEBUG	Make addon app-global:{972ce4c6-7e08-4474-a285-3208198ce6fd} visible
1408940275558	DeferredSave.extensions.json	DEBUG	Save changes
1408940275558	DeferredSave.extensions.json	DEBUG	Save changes
1408940275615	addons.xpi	DEBUG	Updating database with changes to installed add-ons
1408940275615	addons.xpi-utils	DEBUG	Updating add-on states
1408940275617	addons.xpi-utils	DEBUG	Writing add-ons list
1408940277222	DeferredSave.extensions.json	DEBUG	Starting timer
1408940277258	DeferredSave.extensions.json	DEBUG	Starting write
1408940277339	DeferredSave.extensions.json	DEBUG	Write succeeded
1408940277339	addons.xpi-utils	DEBUG	XPI Database saved, setting schema version preference to 16
JavaScript error: chrome://browser/content/urlbarBindings.xml, line 677: aUrl is undefined
JavaScript error: chrome://browser/content/urlbarBindings.xml, line 677: aUrl is undefined
JavaScript error: chrome://browser/content/urlbarBindings.xml, line 677: aUrl is undefined

Build info: version: '2.42.2', revision: '6a6995d', time: '2014-06-03 17:42:30'
System info: host: 'L-1QHP412', ip: '10.125.14.69', os.name: 'Windows 7', os.arch: 'amd64', os.version: '6.1', java.version: '1.7.0_67'
Driver info: driver.version: FirefoxDriver
	at org.openqa.selenium.firefox.internal.NewProfileExtensionConnection.start(NewProfileExtensionConnection.java:130)
	at org.openqa.selenium.firefox.FirefoxDriver.startClient(FirefoxDriver.java:246)
	at org.openqa.selenium.remote.RemoteWebDriver.<init>(RemoteWebDriver.java:114)
	at org.openqa.selenium.firefox.FirefoxDriver.<init>(FirefoxDriver.java:193)
	at org.openqa.selenium.firefox.FirefoxDriver.<init>(FirefoxDriver.java:186)
	at org.openqa.selenium.firefox.FirefoxDriver.<init>(FirefoxDriver.java:182)
	at org.openqa.selenium.firefox.FirefoxDriver.<init>(FirefoxDriver.java:95)
	at TC.test_class.test(test_class.java:12)
	at sun.reflect.NativeMethodAccessorImpl.invoke0(Native Method)
	at sun.reflect.NativeMethodAccessorImpl.invoke(Unknown Source)
	at sun.reflect.DelegatingMethodAccessorImpl.invoke(Unknown Source)
	at java.lang.reflect.Method.invoke(Unknown Source)
	at org.testng.internal.MethodInvocationHelper.invokeMethod(MethodInvocationHelper.java:84)
	at org.testng.internal.Invoker.invokeMethod(Invoker.java:714)
	at org.testng.internal.Invoker.invokeTestMethod(Invoker.java:901)
	at org.testng.internal.Invoker.invokeTestMethods(Invoker.java:1231)
	at org.testng.internal.TestMethodWorker.invokeTestMethods(TestMethodWorker.java:127)
	at org.testng.internal.TestMethodWorker.run(TestMethodWorker.java:111)
	at org.testng.TestRunner.privateRun(TestRunner.java:767)
	at org.testng.TestRunner.run(TestRunner.java:617)
	at org.testng.SuiteRunner.runTest(SuiteRunner.java:334)
	at org.testng.SuiteRunner.runSequentially(SuiteRunner.java:329)
	at org.testng.SuiteRunner.privateRun(SuiteRunner.java:291)
	at org.testng.SuiteRunner.run(SuiteRunner.java:240)
	at org.testng.SuiteRunnerWorker.runSuite(SuiteRunnerWorker.java:52)
	at org.testng.SuiteRunnerWorker.run(SuiteRunnerWorker.java:86)
	at org.testng.TestNG.runSuitesSequentially(TestNG.java:1224)
	at org.testng.TestNG.runSuitesLocally(TestNG.java:1149)
	at org.testng.TestNG.run(TestNG.java:1057)
	at org.testng.remote.RemoteTestNG.run(RemoteTestNG.java:111)
	at org.testng.remote.RemoteTestNG.initAndRun(RemoteTestNG.java:204)
	at org.testng.remote.RemoteTestNG.main(RemoteTestNG.java:175)
Caused by: org.openqa.selenium.firefox.NotConnectedException: Unable to connect to host 127.0.0.1 on port 7055 after 45000 ms. Firefox console output:
1408940275131	addons.manager	DEBUG	Application has been upgraded
1408940275152	addons.manager	DEBUG	Loaded provider scope for resource://gre/modules/addons/XPIProvider.jsm: ["XPIProvider"]
1408940275153	addons.manager	DEBUG	Loaded provider scope for resource://gre/modules/LightweightThemeManager.jsm: ["LightweightThemeManager"]
1408940275155	addons.xpi	DEBUG	startup
1408940275156	addons.xpi	DEBUG	Skipping unavailable install location app-system-local
1408940275156	addons.xpi	DEBUG	Skipping unavailable install location app-system-share
1408940275158	addons.xpi	INFO	Mapping {972ce4c6-7e08-4474-a285-3208198ce6fd} to C:\Program Files (x86)\Mozilla Firefox\browser\extensions\{972ce4c6-7e08-4474-a285-3208198ce6fd}
1408940275160	addons.xpi	INFO	Mapping fxdriver@googlecode.com to C:\Users\SHARMA~1.HIM\AppData\Local\Temp\anonymous324909026992930796webdriver-profile\extensions\fxdriver@googlecode.com
1408940275161	addons.xpi	DEBUG	Ignoring file entry whose name is not a valid add-on ID: C:\Users\SHARMA~1.HIM\AppData\Local\Temp\anonymous324909026992930796webdriver-profile\extensions\webdriver-staging
1408940275161	addons.xpi	DEBUG	checkForChanges
1408940275237	addons.xpi	DEBUG	Directory state JSON differs: cache [] state [{"name":"app-global","addons":{"{972ce4c6-7e08-4474-a285-3208198ce6fd}":{"descriptor":"C:\\Program Files (x86)\\Mozilla Firefox\\browser\\extensions\\{972ce4c6-7e08-4474-a285-3208198ce6fd}","mtime":1408939957533,"rdfTime":1408939957320}}},{"name":"app-profile","addons":{"fxdriver@googlecode.com":{"descriptor":"C:\\Users\\SHARMA~1.HIM\\AppData\\Local\\Temp\\anonymous324909026992930796webdriver-profile\\extensions\\fxdriver@googlecode.com","mtime":1408940273232,"rdfTime":1408940273038}}}]
1408940275246	addons.xpi-utils	DEBUG	Opening XPI database C:\Users\SHARMA~1.HIM\AppData\Local\Temp\anonymous324909026992930796webdriver-profile\extensions.json
1408940275249	addons.xpi	DEBUG	New add-on fxdriver@googlecode.com installed in app-profile
*** Blocklist::_loadBlocklistFromFile: blocklist is disabled
1408940275550	addons.xpi-utils	DEBUG	Make addon app-profile:fxdriver@googlecode.com visible
1408940275551	DeferredSave.extensions.json	DEBUG	Save changes
1408940275552	DeferredSave.extensions.json	DEBUG	Save changes
1408940275552	addons.xpi	DEBUG	New add-on {972ce4c6-7e08-4474-a285-3208198ce6fd} installed in app-global
1408940275558	addons.xpi-utils	DEBUG	Make addon app-global:{972ce4c6-7e08-4474-a285-3208198ce6fd} visible
1408940275558	DeferredSave.extensions.json	DEBUG	Save changes
1408940275558	DeferredSave.extensions.json	DEBUG	Save changes
1408940275615	addons.xpi	DEBUG	Updating database with changes to installed add-ons
1408940275615	addons.xpi-utils	DEBUG	Updating add-on states
1408940275617	addons.xpi-utils	DEBUG	Writing add-ons list
1408940277222	DeferredSave.extensions.json	DEBUG	Starting timer
1408940277258	DeferredSave.extensions.json	DEBUG	Starting write
1408940277339	DeferredSave.extensions.json	DEBUG	Write succeeded
1408940277339	addons.xpi-utils	DEBUG	XPI Database saved, setting schema version preference to 16
JavaScript error: chrome://browser/content/urlbarBindings.xml, line 677: aUrl is undefined
JavaScript error: chrome://browser/content/urlbarBindings.xml, line 677: aUrl is undefined
JavaScript error: chrome://browser/content/urlbarBindings.xml, line 677: aUrl is undefined

	at org.openqa.selenium.firefox.internal.NewProfileExtensionConnection.start(NewProfileExtensionConnection.java:118)
	... 31 more
]]>
            </full-stacktrace>
          </exception> <!-- org.openqa.selenium.WebDriverException -->
          <reporter-output>
          </reporter-output>
        </test-method> <!-- test -->
      </class> <!-- TC.test_class -->
    </test> <!-- Default test -->
  </suite> <!-- Default suite -->
</testng-results>
